07-01 11:33:35 com_github_MitjaNemec_PlaceFootprints.action_place_footprints 378:Plugin executed on: 'linux'
07-01 11:33:35 com_github_MitjaNemec_PlaceFootprints.action_place_footprints 379:Plugin executed with python version: '3.10.5 (main, Jun  6 2022, 18:49:26) [GCC 12.1.0]'
07-01 11:33:35 com_github_MitjaNemec_PlaceFootprints.action_place_footprints 380:KiCad build version: (6.0.6)
07-01 11:33:35 com_github_MitjaNemec_PlaceFootprints.action_place_footprints 381:Plugin version: 1.2.5
07-01 11:33:35 com_github_MitjaNemec_PlaceFootprints.action_place_footprints 382:Frame repr: <wx._core.Frame object at 0x7f0eb65efe20>
07-01 11:33:35 com_github_MitjaNemec_PlaceFootprints.place_footprints 121:getting a list of all footprints on board
07-01 11:33:35 com_github_MitjaNemec_PlaceFootprints.place_footprints 148:Footprint K0 on root level
07-01 11:33:35 com_github_MitjaNemec_PlaceFootprints.place_footprints 148:Footprint H2 on root level
07-01 11:33:35 com_github_MitjaNemec_PlaceFootprints.place_footprints 148:Footprint H3 on root level
07-01 11:33:35 com_github_MitjaNemec_PlaceFootprints.place_footprints 148:Footprint H4 on root level
07-01 11:33:35 com_github_MitjaNemec_PlaceFootprints.place_footprints 148:Footprint SW1 on root level
07-01 11:33:35 com_github_MitjaNemec_PlaceFootprints.place_footprints 148:Footprint H1 on root level
07-01 11:33:35 com_github_MitjaNemec_PlaceFootprints.place_footprints 148:Footprint K8 on root level
07-01 11:33:35 com_github_MitjaNemec_PlaceFootprints.place_footprints 148:Footprint K45 on root level
07-01 11:33:35 com_github_MitjaNemec_PlaceFootprints.place_footprints 148:Footprint D203 on root level
07-01 11:33:35 com_github_MitjaNemec_PlaceFootprints.place_footprints 148:Footprint K17 on root level
07-01 11:33:35 com_github_MitjaNemec_PlaceFootprints.place_footprints 148:Footprint K33 on root level
07-01 11:33:35 com_github_MitjaNemec_PlaceFootprints.place_footprints 148:Footprint D220 on root level
07-01 11:33:35 com_github_MitjaNemec_PlaceFootprints.place_footprints 148:Footprint D217 on root level
07-01 11:33:35 com_github_MitjaNemec_PlaceFootprints.place_footprints 148:Footprint D186 on root level
07-01 11:33:35 com_github_MitjaNemec_PlaceFootprints.place_footprints 148:Footprint K48 on root level
07-01 11:33:35 com_github_MitjaNemec_PlaceFootprints.place_footprints 148:Footprint D135 on root level
07-01 11:33:35 com_github_MitjaNemec_PlaceFootprints.place_footprints 148:Footprint D193 on root level
07-01 11:33:35 com_github_MitjaNemec_PlaceFootprints.place_footprints 148:Footprint K25 on root level
07-01 11:33:35 com_github_MitjaNemec_PlaceFootprints.place_footprints 148:Footprint K66 on root level
07-01 11:33:35 com_github_MitjaNemec_PlaceFootprints.place_footprints 148:Footprint K94 on root level
07-01 11:33:35 com_github_MitjaNemec_PlaceFootprints.place_footprints 148:Footprint K88 on root level
07-01 11:33:35 com_github_MitjaNemec_PlaceFootprints.place_footprints 148:Footprint K28 on root level
07-01 11:33:35 com_github_MitjaNemec_PlaceFootprints.place_footprints 148:Footprint K70 on root level
07-01 11:33:35 com_github_MitjaNemec_PlaceFootprints.place_footprints 148:Footprint K76 on root level
07-01 11:33:35 com_github_MitjaNemec_PlaceFootprints.place_footprints 148:Footprint K42 on root level
07-01 11:33:35 com_github_MitjaNemec_PlaceFootprints.place_footprints 148:Footprint K84 on root level
07-01 11:33:35 com_github_MitjaNemec_PlaceFootprints.place_footprints 148:Footprint K73 on root level
07-01 11:33:35 com_github_MitjaNemec_PlaceFootprints.place_footprints 148:Footprint D196 on root level
07-01 11:33:35 com_github_MitjaNemec_PlaceFootprints.place_footprints 148:Footprint D211 on root level
07-01 11:33:35 com_github_MitjaNemec_PlaceFootprints.place_footprints 148:Footprint K96 on root level
07-01 11:33:35 com_github_MitjaNemec_PlaceFootprints.place_footprints 148:Footprint K83 on root level
07-01 11:33:35 com_github_MitjaNemec_PlaceFootprints.place_footprints 148:Footprint K37 on root level
07-01 11:33:35 com_github_MitjaNemec_PlaceFootprints.place_footprints 148:Footprint K91 on root level
07-01 11:33:35 com_github_MitjaNemec_PlaceFootprints.place_footprints 148:Footprint D218 on root level
07-01 11:33:35 com_github_MitjaNemec_PlaceFootprints.place_footprints 148:Footprint K15 on root level
07-01 11:33:35 com_github_MitjaNemec_PlaceFootprints.place_footprints 148:Footprint D110 on root level
07-01 11:33:35 com_github_MitjaNemec_PlaceFootprints.place_footprints 148:Footprint D202 on root level
07-01 11:33:35 com_github_MitjaNemec_PlaceFootprints.place_footprints 148:Footprint K39 on root level
07-01 11:33:35 com_github_MitjaNemec_PlaceFootprints.place_footprints 148:Footprint K31 on root level
07-01 11:33:35 com_github_MitjaNemec_PlaceFootprints.place_footprints 148:Footprint D156 on root level
07-01 11:33:35 com_github_MitjaNemec_PlaceFootprints.place_footprints 148:Footprint K65 on root level
07-01 11:33:35 com_github_MitjaNemec_PlaceFootprints.place_footprints 148:Footprint D133 on root level
07-01 11:33:35 com_github_MitjaNemec_PlaceFootprints.place_footprints 148:Footprint K19 on root level
07-01 11:33:35 com_github_MitjaNemec_PlaceFootprints.place_footprints 148:Footprint K54 on root level
07-01 11:33:35 com_github_MitjaNemec_PlaceFootprints.place_footprints 148:Footprint D154 on root level
07-01 11:33:35 com_github_MitjaNemec_PlaceFootprints.place_footprints 148:Footprint K13 on root level
07-01 11:33:35 com_github_MitjaNemec_PlaceFootprints.place_footprints 148:Footprint D126 on root level
07-01 11:33:35 com_github_MitjaNemec_PlaceFootprints.place_footprints 148:Footprint K38 on root level
07-01 11:33:35 com_github_MitjaNemec_PlaceFootprints.place_footprints 148:Footprint D212 on root level
07-01 11:33:35 com_github_MitjaNemec_PlaceFootprints.place_footprints 148:Footprint D148 on root level
07-01 11:33:35 com_github_MitjaNemec_PlaceFootprints.place_footprints 148:Footprint K2 on root level
07-01 11:33:35 com_github_MitjaNemec_PlaceFootprints.place_footprints 148:Footprint K61 on root level
07-01 11:33:35 com_github_MitjaNemec_PlaceFootprints.place_footprints 148:Footprint U1 on root level
07-01 11:33:35 com_github_MitjaNemec_PlaceFootprints.place_footprints 148:Footprint K80 on root level
07-01 11:33:35 com_github_MitjaNemec_PlaceFootprints.place_footprints 148:Footprint D128 on root level
07-01 11:33:35 com_github_MitjaNemec_PlaceFootprints.place_footprints 148:Footprint K44 on root level
07-01 11:33:35 com_github_MitjaNemec_PlaceFootprints.place_footprints 148:Footprint D166 on root level
07-01 11:33:35 com_github_MitjaNemec_PlaceFootprints.place_footprints 148:Footprint D117 on root level
07-01 11:33:35 com_github_MitjaNemec_PlaceFootprints.place_footprints 148:Footprint D181 on root level
07-01 11:33:35 com_github_MitjaNemec_PlaceFootprints.place_footprints 148:Footprint K100 on root level
07-01 11:33:35 com_github_MitjaNemec_PlaceFootprints.place_footprints 148:Footprint K43 on root level
07-01 11:33:35 com_github_MitjaNemec_PlaceFootprints.place_footprints 148:Footprint D131 on root level
07-01 11:33:35 com_github_MitjaNemec_PlaceFootprints.place_footprints 148:Footprint K55 on root level
07-01 11:33:35 com_github_MitjaNemec_PlaceFootprints.place_footprints 148:Footprint K41 on root level
07-01 11:33:35 com_github_MitjaNemec_PlaceFootprints.place_footprints 148:Footprint D199 on root level
07-01 11:33:35 com_github_MitjaNemec_PlaceFootprints.place_footprints 148:Footprint K90 on root level
07-01 11:33:35 com_github_MitjaNemec_PlaceFootprints.place_footprints 148:Footprint K58 on root level
07-01 11:33:35 com_github_MitjaNemec_PlaceFootprints.place_footprints 148:Footprint D144 on root level
07-01 11:33:35 com_github_MitjaNemec_PlaceFootprints.place_footprints 148:Footprint D216 on root level
07-01 11:33:35 com_github_MitjaNemec_PlaceFootprints.place_footprints 148:Footprint K10 on root level
07-01 11:33:35 com_github_MitjaNemec_PlaceFootprints.place_footprints 148:Footprint D113 on root level
07-01 11:33:35 com_github_MitjaNemec_PlaceFootprints.place_footprints 148:Footprint K26 on root level
07-01 11:33:35 com_github_MitjaNemec_PlaceFootprints.place_footprints 148:Footprint D191 on root level
07-01 11:33:35 com_github_MitjaNemec_PlaceFootprints.place_footprints 148:Footprint D163 on root level
07-01 11:33:35 com_github_MitjaNemec_PlaceFootprints.place_footprints 148:Footprint D176 on root level
07-01 11:33:35 com_github_MitjaNemec_PlaceFootprints.place_footprints 148:Footprint D169 on root level
07-01 11:33:35 com_github_MitjaNemec_PlaceFootprints.place_footprints 148:Footprint D130 on root level
07-01 11:33:35 com_github_MitjaNemec_PlaceFootprints.place_footprints 148:Footprint K72 on root level
07-01 11:33:35 com_github_MitjaNemec_PlaceFootprints.place_footprints 148:Footprint D194 on root level
07-01 11:33:35 com_github_MitjaNemec_PlaceFootprints.place_footprints 148:Footprint D116 on root level
07-01 11:33:35 com_github_MitjaNemec_PlaceFootprints.place_footprints 148:Footprint K27 on root level
07-01 11:33:35 com_github_MitjaNemec_PlaceFootprints.place_footprints 148:Footprint JP2 on root level
07-01 11:33:35 com_github_MitjaNemec_PlaceFootprints.place_footprints 148:Footprint K87 on root level
07-01 11:33:35 com_github_MitjaNemec_PlaceFootprints.place_footprints 148:Footprint D112 on root level
07-01 11:33:35 com_github_MitjaNemec_PlaceFootprints.place_footprints 148:Footprint K106 on root level
07-01 11:33:35 com_github_MitjaNemec_PlaceFootprints.place_footprints 148:Footprint D184 on root level
07-01 11:33:35 com_github_MitjaNemec_PlaceFootprints.place_footprints 148:Footprint D152 on root level
07-01 11:33:35 com_github_MitjaNemec_PlaceFootprints.place_footprints 148:Footprint D161 on root level
07-01 11:33:35 com_github_MitjaNemec_PlaceFootprints.place_footprints 148:Footprint D190 on root level
07-01 11:33:35 com_github_MitjaNemec_PlaceFootprints.place_footprints 148:Footprint D139 on root level
07-01 11:33:35 com_github_MitjaNemec_PlaceFootprints.place_footprints 148:Footprint D204 on root level
07-01 11:33:35 com_github_MitjaNemec_PlaceFootprints.place_footprints 148:Footprint U2 on root level
07-01 11:33:35 com_github_MitjaNemec_PlaceFootprints.place_footprints 148:Footprint K64 on root level
07-01 11:33:35 com_github_MitjaNemec_PlaceFootprints.place_footprints 148:Footprint K49 on root level
07-01 11:33:35 com_github_MitjaNemec_PlaceFootprints.place_footprints 148:Footprint K32 on root level
07-01 11:33:35 com_github_MitjaNemec_PlaceFootprints.place_footprints 148:Footprint D198 on root level
07-01 11:33:35 com_github_MitjaNemec_PlaceFootprints.place_footprints 148:Footprint D206 on root level
07-01 11:33:35 com_github_MitjaNemec_PlaceFootprints.place_footprints 148:Footprint D123 on root level
07-01 11:33:35 com_github_MitjaNemec_PlaceFootprints.place_footprints 148:Footprint D151 on root level
07-01 11:33:35 com_github_MitjaNemec_PlaceFootprints.place_footprints 148:Footprint K75 on root level
07-01 11:33:35 com_github_MitjaNemec_PlaceFootprints.place_footprints 148:Footprint D141 on root level
07-01 11:33:35 com_github_MitjaNemec_PlaceFootprints.place_footprints 148:Footprint K89 on root level
07-01 11:33:35 com_github_MitjaNemec_PlaceFootprints.place_footprints 148:Footprint K56 on root level
07-01 11:33:35 com_github_MitjaNemec_PlaceFootprints.place_footprints 148:Footprint D136 on root level
07-01 11:33:35 com_github_MitjaNemec_PlaceFootprints.place_footprints 148:Footprint D189 on root level
07-01 11:33:35 com_github_MitjaNemec_PlaceFootprints.place_footprints 148:Footprint D114 on root level
07-01 11:33:35 com_github_MitjaNemec_PlaceFootprints.place_footprints 148:Footprint K16 on root level
07-01 11:33:35 com_github_MitjaNemec_PlaceFootprints.place_footprints 148:Footprint D150 on root level
07-01 11:33:35 com_github_MitjaNemec_PlaceFootprints.place_footprints 148:Footprint D180 on root level
07-01 11:33:35 com_github_MitjaNemec_PlaceFootprints.place_footprints 148:Footprint D214 on root level
07-01 11:33:35 com_github_MitjaNemec_PlaceFootprints.place_footprints 148:Footprint K104 on root level
07-01 11:33:35 com_github_MitjaNemec_PlaceFootprints.place_footprints 148:Footprint J2 on root level
07-01 11:33:35 com_github_MitjaNemec_PlaceFootprints.place_footprints 148:Footprint D215 on root level
07-01 11:33:35 com_github_MitjaNemec_PlaceFootprints.place_footprints 148:Footprint D182 on root level
07-01 11:33:35 com_github_MitjaNemec_PlaceFootprints.place_footprints 148:Footprint K99 on root level
07-01 11:33:35 com_github_MitjaNemec_PlaceFootprints.place_footprints 148:Footprint K78 on root level
07-01 11:33:35 com_github_MitjaNemec_PlaceFootprints.place_footprints 148:Footprint D219 on root level
07-01 11:33:35 com_github_MitjaNemec_PlaceFootprints.place_footprints 148:Footprint D170 on root level
07-01 11:33:35 com_github_MitjaNemec_PlaceFootprints.place_footprints 148:Footprint K101 on root level
07-01 11:33:35 com_github_MitjaNemec_PlaceFootprints.place_footprints 148:Footprint D127 on root level
07-01 11:33:35 com_github_MitjaNemec_PlaceFootprints.place_footprints 148:Footprint D188 on root level
07-01 11:33:35 com_github_MitjaNemec_PlaceFootprints.place_footprints 148:Footprint K7 on root level
07-01 11:33:35 com_github_MitjaNemec_PlaceFootprints.place_footprints 148:Footprint K14 on root level
07-01 11:33:35 com_github_MitjaNemec_PlaceFootprints.place_footprints 148:Footprint D140 on root level
07-01 11:33:35 com_github_MitjaNemec_PlaceFootprints.place_footprints 148:Footprint K22 on root level
07-01 11:33:35 com_github_MitjaNemec_PlaceFootprints.place_footprints 148:Footprint D119 on root level
07-01 11:33:35 com_github_MitjaNemec_PlaceFootprints.place_footprints 148:Footprint D164 on root level
07-01 11:33:35 com_github_MitjaNemec_PlaceFootprints.place_footprints 148:Footprint D174 on root level
07-01 11:33:35 com_github_MitjaNemec_PlaceFootprints.place_footprints 148:Footprint D192 on root level
07-01 11:33:35 com_github_MitjaNemec_PlaceFootprints.place_footprints 148:Footprint K24 on root level
07-01 11:33:35 com_github_MitjaNemec_PlaceFootprints.place_footprints 148:Footprint K5 on root level
07-01 11:33:35 com_github_MitjaNemec_PlaceFootprints.place_footprints 148:Footprint D183 on root level
07-01 11:33:35 com_github_MitjaNemec_PlaceFootprints.place_footprints 148:Footprint K59 on root level
07-01 11:33:35 com_github_MitjaNemec_PlaceFootprints.place_footprints 148:Footprint K34 on root level
07-01 11:33:35 com_github_MitjaNemec_PlaceFootprints.place_footprints 148:Footprint D147 on root level
07-01 11:33:35 com_github_MitjaNemec_PlaceFootprints.place_footprints 148:Footprint K46 on root level
07-01 11:33:35 com_github_MitjaNemec_PlaceFootprints.place_footprints 148:Footprint D138 on root level
07-01 11:33:35 com_github_MitjaNemec_PlaceFootprints.place_footprints 148:Footprint D205 on root level
07-01 11:33:35 com_github_MitjaNemec_PlaceFootprints.place_footprints 148:Footprint D173 on root level
07-01 11:33:35 com_github_MitjaNemec_PlaceFootprints.place_footprints 148:Footprint K103 on root level
07-01 11:33:35 com_github_MitjaNemec_PlaceFootprints.place_footprints 148:Footprint K71 on root level
07-01 11:33:35 com_github_MitjaNemec_PlaceFootprints.place_footprints 148:Footprint K29 on root level
07-01 11:33:35 com_github_MitjaNemec_PlaceFootprints.place_footprints 148:Footprint K69 on root level
07-01 11:33:35 com_github_MitjaNemec_PlaceFootprints.place_footprints 148:Footprint K68 on root level
07-01 11:33:35 com_github_MitjaNemec_PlaceFootprints.place_footprints 148:Footprint K3 on root level
07-01 11:33:35 com_github_MitjaNemec_PlaceFootprints.place_footprints 148:Footprint K60 on root level
07-01 11:33:35 com_github_MitjaNemec_PlaceFootprints.place_footprints 148:Footprint D165 on root level
07-01 11:33:35 com_github_MitjaNemec_PlaceFootprints.place_footprints 148:Footprint D111 on root level
07-01 11:33:35 com_github_MitjaNemec_PlaceFootprints.place_footprints 148:Footprint D137 on root level
07-01 11:33:35 com_github_MitjaNemec_PlaceFootprints.place_footprints 148:Footprint K86 on root level
07-01 11:33:35 com_github_MitjaNemec_PlaceFootprints.place_footprints 148:Footprint K1 on root level
07-01 11:33:35 com_github_MitjaNemec_PlaceFootprints.place_footprints 148:Footprint D155 on root level
07-01 11:33:35 com_github_MitjaNemec_PlaceFootprints.place_footprints 148:Footprint K93 on root level
07-01 11:33:35 com_github_MitjaNemec_PlaceFootprints.place_footprints 148:Footprint D210 on root level
07-01 11:33:35 com_github_MitjaNemec_PlaceFootprints.place_footprints 148:Footprint K40 on root level
07-01 11:33:35 com_github_MitjaNemec_PlaceFootprints.place_footprints 148:Footprint K36 on root level
07-01 11:33:35 com_github_MitjaNemec_PlaceFootprints.place_footprints 148:Footprint D195 on root level
07-01 11:33:35 com_github_MitjaNemec_PlaceFootprints.place_footprints 148:Footprint D178 on root level
07-01 11:33:35 com_github_MitjaNemec_PlaceFootprints.place_footprints 148:Footprint D197 on root level
07-01 11:33:35 com_github_MitjaNemec_PlaceFootprints.place_footprints 148:Footprint D175 on root level
07-01 11:33:35 com_github_MitjaNemec_PlaceFootprints.place_footprints 148:Footprint D162 on root level
07-01 11:33:35 com_github_MitjaNemec_PlaceFootprints.place_footprints 148:Footprint K77 on root level
07-01 11:33:35 com_github_MitjaNemec_PlaceFootprints.place_footprints 148:Footprint K53 on root level
07-01 11:33:35 com_github_MitjaNemec_PlaceFootprints.place_footprints 148:Footprint D149 on root level
07-01 11:33:35 com_github_MitjaNemec_PlaceFootprints.place_footprints 148:Footprint K12 on root level
07-01 11:33:35 com_github_MitjaNemec_PlaceFootprints.place_footprints 148:Footprint D167 on root level
07-01 11:33:35 com_github_MitjaNemec_PlaceFootprints.place_footprints 148:Footprint D153 on root level
07-01 11:33:35 com_github_MitjaNemec_PlaceFootprints.place_footprints 148:Footprint D207 on root level
07-01 11:33:35 com_github_MitjaNemec_PlaceFootprints.place_footprints 148:Footprint K18 on root level
07-01 11:33:35 com_github_MitjaNemec_PlaceFootprints.place_footprints 148:Footprint D143 on root level
07-01 11:33:35 com_github_MitjaNemec_PlaceFootprints.place_footprints 148:Footprint D172 on root level
07-01 11:33:35 com_github_MitjaNemec_PlaceFootprints.place_footprints 148:Footprint K23 on root level
07-01 11:33:35 com_github_MitjaNemec_PlaceFootprints.place_footprints 148:Footprint K92 on root level
07-01 11:33:35 com_github_MitjaNemec_PlaceFootprints.place_footprints 148:Footprint K57 on root level
07-01 11:33:35 com_github_MitjaNemec_PlaceFootprints.place_footprints 148:Footprint D129 on root level
07-01 11:33:35 com_github_MitjaNemec_PlaceFootprints.place_footprints 148:Footprint K79 on root level
07-01 11:33:35 com_github_MitjaNemec_PlaceFootprints.place_footprints 148:Footprint K20 on root level
07-01 11:33:35 com_github_MitjaNemec_PlaceFootprints.place_footprints 148:Footprint D201 on root level
07-01 11:33:35 com_github_MitjaNemec_PlaceFootprints.place_footprints 148:Footprint D146 on root level
07-01 11:33:35 com_github_MitjaNemec_PlaceFootprints.place_footprints 148:Footprint D132 on root level
07-01 11:33:35 com_github_MitjaNemec_PlaceFootprints.place_footprints 148:Footprint K62 on root level
07-01 11:33:35 com_github_MitjaNemec_PlaceFootprints.place_footprints 148:Footprint D179 on root level
07-01 11:33:35 com_github_MitjaNemec_PlaceFootprints.place_footprints 148:Footprint D158 on root level
07-01 11:33:35 com_github_MitjaNemec_PlaceFootprints.place_footprints 148:Footprint K102 on root level
07-01 11:33:35 com_github_MitjaNemec_PlaceFootprints.place_footprints 148:Footprint K81 on root level
07-01 11:33:35 com_github_MitjaNemec_PlaceFootprints.place_footprints 148:Footprint K67 on root level
07-01 11:33:35 com_github_MitjaNemec_PlaceFootprints.place_footprints 148:Footprint K74 on root level
07-01 11:33:35 com_github_MitjaNemec_PlaceFootprints.place_footprints 148:Footprint K21 on root level
07-01 11:33:35 com_github_MitjaNemec_PlaceFootprints.place_footprints 148:Footprint D185 on root level
07-01 11:33:35 com_github_MitjaNemec_PlaceFootprints.place_footprints 148:Footprint D118 on root level
07-01 11:33:35 com_github_MitjaNemec_PlaceFootprints.place_footprints 148:Footprint K35 on root level
07-01 11:33:35 com_github_MitjaNemec_PlaceFootprints.place_footprints 148:Footprint D120 on root level
07-01 11:33:35 com_github_MitjaNemec_PlaceFootprints.place_footprints 148:Footprint D208 on root level
07-01 11:33:35 com_github_MitjaNemec_PlaceFootprints.place_footprints 148:Footprint K30 on root level
07-01 11:33:35 com_github_MitjaNemec_PlaceFootprints.place_footprints 148:Footprint K4 on root level
07-01 11:33:35 com_github_MitjaNemec_PlaceFootprints.place_footprints 148:Footprint D209 on root level
07-01 11:33:35 com_github_MitjaNemec_PlaceFootprints.place_footprints 148:Footprint D160 on root level
07-01 11:33:35 com_github_MitjaNemec_PlaceFootprints.place_footprints 148:Footprint D168 on root level
07-01 11:33:35 com_github_MitjaNemec_PlaceFootprints.place_footprints 148:Footprint K98 on root level
07-01 11:33:35 com_github_MitjaNemec_PlaceFootprints.place_footprints 148:Footprint K82 on root level
07-01 11:33:35 com_github_MitjaNemec_PlaceFootprints.place_footprints 148:Footprint K11 on root level
07-01 11:33:35 com_github_MitjaNemec_PlaceFootprints.place_footprints 148:Footprint D213 on root level
07-01 11:33:35 com_github_MitjaNemec_PlaceFootprints.place_footprints 148:Footprint D115 on root level
07-01 11:33:35 com_github_MitjaNemec_PlaceFootprints.place_footprints 148:Footprint K97 on root level
07-01 11:33:35 com_github_MitjaNemec_PlaceFootprints.place_footprints 148:Footprint D124 on root level
07-01 11:33:35 com_github_MitjaNemec_PlaceFootprints.place_footprints 148:Footprint D145 on root level
07-01 11:33:35 com_github_MitjaNemec_PlaceFootprints.place_footprints 148:Footprint K108 on root level
07-01 11:33:35 com_github_MitjaNemec_PlaceFootprints.place_footprints 148:Footprint D142 on root level
07-01 11:33:35 com_github_MitjaNemec_PlaceFootprints.place_footprints 148:Footprint D122 on root level
07-01 11:33:35 com_github_MitjaNemec_PlaceFootprints.place_footprints 148:Footprint K105 on root level
07-01 11:33:35 com_github_MitjaNemec_PlaceFootprints.place_footprints 148:Footprint D171 on root level
07-01 11:33:35 com_github_MitjaNemec_PlaceFootprints.place_footprints 148:Footprint K107 on root level
07-01 11:33:35 com_github_MitjaNemec_PlaceFootprints.place_footprints 148:Footprint D159 on root level
07-01 11:33:35 com_github_MitjaNemec_PlaceFootprints.place_footprints 148:Footprint D200 on root level
07-01 11:33:35 com_github_MitjaNemec_PlaceFootprints.place_footprints 148:Footprint D121 on root level
07-01 11:33:35 com_github_MitjaNemec_PlaceFootprints.place_footprints 148:Footprint K51 on root level
07-01 11:33:35 com_github_MitjaNemec_PlaceFootprints.place_footprints 148:Footprint K47 on root level
07-01 11:33:35 com_github_MitjaNemec_PlaceFootprints.place_footprints 148:Footprint D187 on root level
07-01 11:33:35 com_github_MitjaNemec_PlaceFootprints.place_footprints 148:Footprint K6 on root level
07-01 11:33:35 com_github_MitjaNemec_PlaceFootprints.place_footprints 148:Footprint D157 on root level
07-01 11:33:35 com_github_MitjaNemec_PlaceFootprints.place_footprints 148:Footprint D177 on root level
07-01 11:33:35 com_github_MitjaNemec_PlaceFootprints.place_footprints 148:Footprint K52 on root level
07-01 11:33:35 com_github_MitjaNemec_PlaceFootprints.place_footprints 148:Footprint K9 on root level
07-01 11:33:35 com_github_MitjaNemec_PlaceFootprints.place_footprints 148:Footprint K85 on root level
07-01 11:33:35 com_github_MitjaNemec_PlaceFootprints.place_footprints 148:Footprint JP1 on root level
07-01 11:33:35 com_github_MitjaNemec_PlaceFootprints.place_footprints 148:Footprint K50 on root level
07-01 11:33:35 com_github_MitjaNemec_PlaceFootprints.place_footprints 148:Footprint K95 on root level
07-01 11:33:35 com_github_MitjaNemec_PlaceFootprints.place_footprints 148:Footprint K63 on root level
07-01 11:33:35 com_github_MitjaNemec_PlaceFootprints.place_footprints 148:Footprint D125 on root level
07-01 11:33:35 com_github_MitjaNemec_PlaceFootprints.place_footprints 148:Footprint D134 on root level
07-01 11:33:35 com_github_MitjaNemec_PlaceFootprints.place_footprints 148:Footprint D0 on root level
07-01 11:33:35 com_github_MitjaNemec_PlaceFootprints.place_footprints 148:Footprint C1 on root level
07-01 11:33:35 com_github_MitjaNemec_PlaceFootprints.place_footprints 148:Footprint C2 on root level
07-01 11:33:35 com_github_MitjaNemec_PlaceFootprints.place_footprints 148:Footprint C3 on root level
07-01 11:33:35 com_github_MitjaNemec_PlaceFootprints.place_footprints 148:Footprint C4 on root level
07-01 11:33:35 com_github_MitjaNemec_PlaceFootprints.place_footprints 148:Footprint C5 on root level
07-01 11:33:35 com_github_MitjaNemec_PlaceFootprints.place_footprints 148:Footprint J1 on root level
07-01 11:33:35 com_github_MitjaNemec_PlaceFootprints.place_footprints 148:Footprint R2 on root level
07-01 11:33:35 com_github_MitjaNemec_PlaceFootprints.place_footprints 148:Footprint R3 on root level
07-01 11:33:35 com_github_MitjaNemec_PlaceFootprints.place_footprints 148:Footprint D18 on root level
07-01 11:33:35 com_github_MitjaNemec_PlaceFootprints.place_footprints 148:Footprint D63 on root level
07-01 11:33:35 com_github_MitjaNemec_PlaceFootprints.place_footprints 148:Footprint D57 on root level
07-01 11:33:35 com_github_MitjaNemec_PlaceFootprints.place_footprints 148:Footprint D52 on root level
07-01 11:33:35 com_github_MitjaNemec_PlaceFootprints.place_footprints 148:Footprint D98 on root level
07-01 11:33:35 com_github_MitjaNemec_PlaceFootprints.place_footprints 148:Footprint D14 on root level
07-01 11:33:35 com_github_MitjaNemec_PlaceFootprints.place_footprints 148:Footprint D5 on root level
07-01 11:33:35 com_github_MitjaNemec_PlaceFootprints.place_footprints 148:Footprint D61 on root level
07-01 11:33:35 com_github_MitjaNemec_PlaceFootprints.place_footprints 148:Footprint D89 on root level
07-01 11:33:35 com_github_MitjaNemec_PlaceFootprints.place_footprints 148:Footprint D27 on root level
07-01 11:33:35 com_github_MitjaNemec_PlaceFootprints.place_footprints 148:Footprint D31 on root level
07-01 11:33:35 com_github_MitjaNemec_PlaceFootprints.place_footprints 148:Footprint D67 on root level
07-01 11:33:35 com_github_MitjaNemec_PlaceFootprints.place_footprints 148:Footprint D64 on root level
07-01 11:33:35 com_github_MitjaNemec_PlaceFootprints.place_footprints 148:Footprint D71 on root level
07-01 11:33:35 com_github_MitjaNemec_PlaceFootprints.place_footprints 148:Footprint D83 on root level
07-01 11:33:35 com_github_MitjaNemec_PlaceFootprints.place_footprints 148:Footprint D55 on root level
07-01 11:33:35 com_github_MitjaNemec_PlaceFootprints.place_footprints 148:Footprint D66 on root level
07-01 11:33:35 com_github_MitjaNemec_PlaceFootprints.place_footprints 148:Footprint D32 on root level
07-01 11:33:35 com_github_MitjaNemec_PlaceFootprints.place_footprints 148:Footprint D104 on root level
07-01 11:33:35 com_github_MitjaNemec_PlaceFootprints.place_footprints 148:Footprint D108 on root level
07-01 11:33:35 com_github_MitjaNemec_PlaceFootprints.place_footprints 148:Footprint D65 on root level
07-01 11:33:35 com_github_MitjaNemec_PlaceFootprints.place_footprints 148:Footprint D33 on root level
07-01 11:33:35 com_github_MitjaNemec_PlaceFootprints.place_footprints 148:Footprint D39 on root level
07-01 11:33:35 com_github_MitjaNemec_PlaceFootprints.place_footprints 148:Footprint D91 on root level
07-01 11:33:35 com_github_MitjaNemec_PlaceFootprints.place_footprints 148:Footprint D87 on root level
07-01 11:33:35 com_github_MitjaNemec_PlaceFootprints.place_footprints 148:Footprint D96 on root level
07-01 11:33:35 com_github_MitjaNemec_PlaceFootprints.place_footprints 148:Footprint D37 on root level
07-01 11:33:35 com_github_MitjaNemec_PlaceFootprints.place_footprints 148:Footprint D43 on root level
07-01 11:33:35 com_github_MitjaNemec_PlaceFootprints.place_footprints 148:Footprint D56 on root level
07-01 11:33:35 com_github_MitjaNemec_PlaceFootprints.place_footprints 148:Footprint D80 on root level
07-01 11:33:35 com_github_MitjaNemec_PlaceFootprints.place_footprints 148:Footprint D20 on root level
07-01 11:33:35 com_github_MitjaNemec_PlaceFootprints.place_footprints 148:Footprint D109 on root level
07-01 11:33:35 com_github_MitjaNemec_PlaceFootprints.place_footprints 148:Footprint D42 on root level
07-01 11:33:35 com_github_MitjaNemec_PlaceFootprints.place_footprints 148:Footprint D92 on root level
07-01 11:33:35 com_github_MitjaNemec_PlaceFootprints.place_footprints 148:Footprint D99 on root level
07-01 11:33:35 com_github_MitjaNemec_PlaceFootprints.place_footprints 148:Footprint D10 on root level
07-01 11:33:35 com_github_MitjaNemec_PlaceFootprints.place_footprints 148:Footprint D6 on root level
07-01 11:33:35 com_github_MitjaNemec_PlaceFootprints.place_footprints 148:Footprint D12 on root level
07-01 11:33:35 com_github_MitjaNemec_PlaceFootprints.place_footprints 148:Footprint D51 on root level
07-01 11:33:35 com_github_MitjaNemec_PlaceFootprints.place_footprints 148:Footprint D97 on root level
07-01 11:33:35 com_github_MitjaNemec_PlaceFootprints.place_footprints 148:Footprint D106 on root level
07-01 11:33:35 com_github_MitjaNemec_PlaceFootprints.place_footprints 148:Footprint D72 on root level
07-01 11:33:35 com_github_MitjaNemec_PlaceFootprints.place_footprints 148:Footprint D70 on root level
07-01 11:33:35 com_github_MitjaNemec_PlaceFootprints.place_footprints 148:Footprint D25 on root level
07-01 11:33:35 com_github_MitjaNemec_PlaceFootprints.place_footprints 148:Footprint D26 on root level
07-01 11:33:35 com_github_MitjaNemec_PlaceFootprints.place_footprints 148:Footprint D54 on root level
07-01 11:33:35 com_github_MitjaNemec_PlaceFootprints.place_footprints 148:Footprint D75 on root level
07-01 11:33:35 com_github_MitjaNemec_PlaceFootprints.place_footprints 148:Footprint D35 on root level
07-01 11:33:35 com_github_MitjaNemec_PlaceFootprints.place_footprints 148:Footprint D46 on root level
07-01 11:33:35 com_github_MitjaNemec_PlaceFootprints.place_footprints 148:Footprint D24 on root level
07-01 11:33:35 com_github_MitjaNemec_PlaceFootprints.place_footprints 148:Footprint D9 on root level
07-01 11:33:35 com_github_MitjaNemec_PlaceFootprints.place_footprints 148:Footprint D40 on root level
07-01 11:33:35 com_github_MitjaNemec_PlaceFootprints.place_footprints 148:Footprint D95 on root level
07-01 11:33:35 com_github_MitjaNemec_PlaceFootprints.place_footprints 148:Footprint D60 on root level
07-01 11:33:35 com_github_MitjaNemec_PlaceFootprints.place_footprints 148:Footprint D84 on root level
07-01 11:33:35 com_github_MitjaNemec_PlaceFootprints.place_footprints 148:Footprint D76 on root level
07-01 11:33:35 com_github_MitjaNemec_PlaceFootprints.place_footprints 148:Footprint D107 on root level
07-01 11:33:35 com_github_MitjaNemec_PlaceFootprints.place_footprints 148:Footprint D30 on root level
07-01 11:33:35 com_github_MitjaNemec_PlaceFootprints.place_footprints 148:Footprint D19 on root level
07-01 11:33:35 com_github_MitjaNemec_PlaceFootprints.place_footprints 148:Footprint D79 on root level
07-01 11:33:35 com_github_MitjaNemec_PlaceFootprints.place_footprints 148:Footprint D85 on root level
07-01 11:33:35 com_github_MitjaNemec_PlaceFootprints.place_footprints 148:Footprint D48 on root level
07-01 11:33:35 com_github_MitjaNemec_PlaceFootprints.place_footprints 148:Footprint D8 on root level
07-01 11:33:35 com_github_MitjaNemec_PlaceFootprints.place_footprints 148:Footprint D15 on root level
07-01 11:33:35 com_github_MitjaNemec_PlaceFootprints.place_footprints 148:Footprint D13 on root level
07-01 11:33:35 com_github_MitjaNemec_PlaceFootprints.place_footprints 148:Footprint D82 on root level
07-01 11:33:35 com_github_MitjaNemec_PlaceFootprints.place_footprints 148:Footprint D81 on root level
07-01 11:33:35 com_github_MitjaNemec_PlaceFootprints.place_footprints 148:Footprint D73 on root level
07-01 11:33:35 com_github_MitjaNemec_PlaceFootprints.place_footprints 148:Footprint D23 on root level
07-01 11:33:35 com_github_MitjaNemec_PlaceFootprints.place_footprints 148:Footprint D50 on root level
07-01 11:33:35 com_github_MitjaNemec_PlaceFootprints.place_footprints 148:Footprint D58 on root level
07-01 11:33:35 com_github_MitjaNemec_PlaceFootprints.place_footprints 148:Footprint D44 on root level
07-01 11:33:35 com_github_MitjaNemec_PlaceFootprints.place_footprints 148:Footprint D41 on root level
07-01 11:33:35 com_github_MitjaNemec_PlaceFootprints.place_footprints 148:Footprint D59 on root level
07-01 11:33:35 com_github_MitjaNemec_PlaceFootprints.place_footprints 148:Footprint D47 on root level
07-01 11:33:35 com_github_MitjaNemec_PlaceFootprints.place_footprints 148:Footprint D53 on root level
07-01 11:33:35 com_github_MitjaNemec_PlaceFootprints.place_footprints 148:Footprint D103 on root level
07-01 11:33:35 com_github_MitjaNemec_PlaceFootprints.place_footprints 148:Footprint D78 on root level
07-01 11:33:35 com_github_MitjaNemec_PlaceFootprints.place_footprints 148:Footprint D1 on root level
07-01 11:33:35 com_github_MitjaNemec_PlaceFootprints.place_footprints 148:Footprint D28 on root level
07-01 11:33:35 com_github_MitjaNemec_PlaceFootprints.place_footprints 148:Footprint D62 on root level
07-01 11:33:35 com_github_MitjaNemec_PlaceFootprints.place_footprints 148:Footprint D90 on root level
07-01 11:33:35 com_github_MitjaNemec_PlaceFootprints.place_footprints 148:Footprint D36 on root level
07-01 11:33:35 com_github_MitjaNemec_PlaceFootprints.place_footprints 148:Footprint D11 on root level
07-01 11:33:35 com_github_MitjaNemec_PlaceFootprints.place_footprints 148:Footprint D74 on root level
07-01 11:33:35 com_github_MitjaNemec_PlaceFootprints.place_footprints 148:Footprint D7 on root level
07-01 11:33:35 com_github_MitjaNemec_PlaceFootprints.place_footprints 148:Footprint D94 on root level
07-01 11:33:35 com_github_MitjaNemec_PlaceFootprints.place_footprints 148:Footprint D17 on root level
07-01 11:33:35 com_github_MitjaNemec_PlaceFootprints.place_footprints 148:Footprint D2 on root level
07-01 11:33:35 com_github_MitjaNemec_PlaceFootprints.place_footprints 148:Footprint D105 on root level
07-01 11:33:35 com_github_MitjaNemec_PlaceFootprints.place_footprints 148:Footprint D102 on root level
07-01 11:33:35 com_github_MitjaNemec_PlaceFootprints.place_footprints 148:Footprint D49 on root level
07-01 11:33:35 com_github_MitjaNemec_PlaceFootprints.place_footprints 148:Footprint D21 on root level
07-01 11:33:35 com_github_MitjaNemec_PlaceFootprints.place_footprints 148:Footprint D3 on root level
07-01 11:33:35 com_github_MitjaNemec_PlaceFootprints.place_footprints 148:Footprint D93 on root level
07-01 11:33:35 com_github_MitjaNemec_PlaceFootprints.place_footprints 148:Footprint D77 on root level
07-01 11:33:35 com_github_MitjaNemec_PlaceFootprints.place_footprints 148:Footprint D22 on root level
07-01 11:33:35 com_github_MitjaNemec_PlaceFootprints.place_footprints 148:Footprint D16 on root level
07-01 11:33:35 com_github_MitjaNemec_PlaceFootprints.place_footprints 148:Footprint D34 on root level
07-01 11:33:35 com_github_MitjaNemec_PlaceFootprints.place_footprints 148:Footprint D45 on root level
07-01 11:33:35 com_github_MitjaNemec_PlaceFootprints.place_footprints 148:Footprint D68 on root level
07-01 11:33:35 com_github_MitjaNemec_PlaceFootprints.place_footprints 148:Footprint D38 on root level
07-01 11:33:35 com_github_MitjaNemec_PlaceFootprints.place_footprints 148:Footprint D88 on root level
07-01 11:33:35 com_github_MitjaNemec_PlaceFootprints.place_footprints 148:Footprint D86 on root level
07-01 11:33:35 com_github_MitjaNemec_PlaceFootprints.place_footprints 148:Footprint D4 on root level
07-01 11:33:35 com_github_MitjaNemec_PlaceFootprints.place_footprints 148:Footprint D69 on root level
07-01 11:33:35 com_github_MitjaNemec_PlaceFootprints.place_footprints 148:Footprint D101 on root level
07-01 11:33:35 com_github_MitjaNemec_PlaceFootprints.place_footprints 148:Footprint D29 on root level
07-01 11:33:35 com_github_MitjaNemec_PlaceFootprints.place_footprints 148:Footprint D100 on root level
07-01 11:33:39 com_github_MitjaNemec_PlaceFootprints.action_place_footprints 570:Reference designator is: D
07-01 11:33:39 com_github_MitjaNemec_PlaceFootprints.action_place_footprints 571:Reference number is: 172
07-01 11:33:39 com_github_MitjaNemec_PlaceFootprints.action_place_footprints 603:Sorted and filtered list:
['D0', 'D1', 'D2', 'D3', 'D4', 'D5', 'D6', 'D7', 'D8', 'D9', 'D10', 'D11', 'D12', 'D13', 'D14', 'D15', 'D16', 'D17', 'D18', 'D19', 'D20', 'D21', 'D22', 'D23', 'D24', 'D25', 'D26', 'D27', 'D28', 'D29', 'D30', 'D31', 'D32', 'D33', 'D34', 'D35', 'D36', 'D37', 'D38', 'D39', 'D40', 'D41', 'D42', 'D43', 'D44', 'D45', 'D46', 'D47', 'D48', 'D49', 'D50', 'D51', 'D52', 'D53', 'D54', 'D55', 'D56', 'D57', 'D58', 'D59', 'D60', 'D61', 'D62', 'D63', 'D64', 'D65', 'D66', 'D67', 'D68', 'D69', 'D70', 'D71', 'D72', 'D73', 'D74', 'D75', 'D76', 'D77', 'D78', 'D79', 'D80', 'D81', 'D82', 'D83', 'D84', 'D85', 'D86', 'D87', 'D88', 'D89', 'D90', 'D91', 'D92', 'D93', 'D94', 'D95', 'D96', 'D97', 'D98', 'D99', 'D100', 'D101', 'D102', 'D103', 'D104', 'D105', 'D106', 'D107', 'D108', 'D109', 'D110', 'D111', 'D112', 'D113', 'D114', 'D115', 'D116', 'D117', 'D118', 'D119', 'D120', 'D121', 'D122', 'D123', 'D124', 'D125', 'D126', 'D127', 'D128', 'D129', 'D130', 'D131', 'D132', 'D133', 'D134', 'D135', 'D136', 'D137', 'D138', 'D139', 'D140', 'D141', 'D142', 'D143', 'D144', 'D145', 'D146', 'D147', 'D148', 'D149', 'D150', 'D151', 'D152', 'D153', 'D154', 'D155', 'D156', 'D157', 'D158', 'D159', 'D160', 'D161', 'D162', 'D163', 'D164', 'D165', 'D166', 'D167', 'D168', 'D169', 'D170', 'D171', 'D172', 'D173', 'D174', 'D175', 'D176', 'D177', 'D178', 'D179', 'D180', 'D181', 'D182', 'D183', 'D184', 'D185', 'D186', 'D187', 'D188', 'D189', 'D190', 'D191', 'D192', 'D193', 'D194', 'D195', 'D196', 'D197', 'D198', 'D199', 'D200', 'D201', 'D202', 'D203', 'D204', 'D205', 'D206', 'D207', 'D208', 'D209', 'D210', 'D211', 'D212', 'D213', 'D214', 'D215', 'D216', 'D217', 'D218', 'D219', 'D220']
